2020-06-22 23:08:56 [scrapy.utils.log] INFO: Scrapy 2.1.0 started (bot: scrapy_crawl)
2020-06-22 23:08:56 [scrapy.utils.log] INFO: Versions: lxml 4.5.1.0, libxml2 2.9.10, cssselect 1.1.0, parsel 1.6.0, w3lib 1.22.0, Twisted 20.3.0, Python 3.7.7 (default, Mar 13 2020, 10:23:39) - [GCC 9.2.1 20190827 (Red Hat 9.2.1-1)], pyOpenSSL 19.1.0 (OpenSSL 1.1.1g  21 Apr 2020), cryptography 2.9.2, Platform Linux-5.6.13-200.fc31.x86_64-x86_64-with-fedora-31-Thirty_One
2020-06-22 23:08:56 [scrapy.utils.log] DEBUG: Using reactor: twisted.internet.epollreactor.EPollReactor
2020-06-22 23:08:56 [scrapy.crawler] INFO: Overridden settings:
{'BOT_NAME': 'scrapy_crawl',
 'LOG_FILE': 'logs/default/imdb_crawl/56765564b4dd11ea9028c417fe6cdce7.log',
 'NEWSPIDER_MODULE': 'scrapy_crawl.spiders',
 'ROBOTSTXT_OBEY': True,
 'SPIDER_MODULES': ['scrapy_crawl.spiders']}
2020-06-22 23:08:56 [scrapy.extensions.telnet] INFO: Telnet Password: 9715ced0f0c57b49
2020-06-22 23:08:56 [scrapy.middleware] INFO: Enabled extensions:
['scrapy.extensions.corestats.CoreStats',
 'scrapy.extensions.telnet.TelnetConsole',
 'scrapy.extensions.memusage.MemoryUsage',
 'scrapy.extensions.logstats.LogStats']
2020-06-22 23:08:57 [scrapy.middleware] INFO: Enabled downloader middlewares:
['scrapy.downloadermiddlewares.robotstxt.RobotsTxtMiddleware',
 'scrapy.downloadermiddlewares.httpauth.HttpAuthMiddleware',
 'scrapy.downloadermiddlewares.downloadtimeout.DownloadTimeoutMiddleware',
 'scrapy.downloadermiddlewares.defaultheaders.DefaultHeadersMiddleware',
 'scrapy.downloadermiddlewares.useragent.UserAgentMiddleware',
 'scrapy.downloadermiddlewares.retry.RetryMiddleware',
 'scrapy.downloadermiddlewares.redirect.MetaRefreshMiddleware',
 'scrapy.downloadermiddlewares.httpcompression.HttpCompressionMiddleware',
 'scrapy.downloadermiddlewares.redirect.RedirectMiddleware',
 'scrapy.downloadermiddlewares.cookies.CookiesMiddleware',
 'scrapy.downloadermiddlewares.httpproxy.HttpProxyMiddleware',
 'scrapy.downloadermiddlewares.stats.DownloaderStats']
2020-06-22 23:08:57 [scrapy.middleware] INFO: Enabled spider middlewares:
['scrapy.spidermiddlewares.httperror.HttpErrorMiddleware',
 'scrapy.spidermiddlewares.offsite.OffsiteMiddleware',
 'scrapy.spidermiddlewares.referer.RefererMiddleware',
 'scrapy.spidermiddlewares.urllength.UrlLengthMiddleware',
 'scrapy.spidermiddlewares.depth.DepthMiddleware']
2020-06-22 23:08:57 [scrapy.middleware] INFO: Enabled item pipelines:
['scrapy_crawl.pipelines.ScrapyCrawlPipeline']
2020-06-22 23:08:57 [scrapy.core.engine] INFO: Spider opened
2020-06-22 23:08:57 [scrapy.extensions.logstats] INFO: Crawled 0 pages (at 0 pages/min), scraped 0 items (at 0 items/min)
2020-06-22 23:08:57 [scrapy.extensions.telnet] INFO: Telnet console listening on 127.0.0.1:6023
2020-06-22 23:08:57 [scrapy.core.engine] DEBUG: Crawled (200) <GET https://www.imdb.com/robots.txt> (referer: None)
2020-06-22 23:09:01 [scrapy.core.engine] DEBUG: Crawled (200) <GET https://www.imdb.com/title/tt4460792/> (referer: None)
2020-06-22 23:09:01 [scrapy.core.scraper] ERROR: Spider error processing <GET https://www.imdb.com/title/tt4460792/> (referer: None)
Traceback (most recent call last):
  File "/home/encouse/Documents/api-kinoinfo/j/lib64/python3.7/site-packages/twisted/internet/defer.py", line 654, in _runCallbacks
    current.result = callback(current.result, *args, **kw)
  File "/home/encouse/Documents/api-kinoinfo/j/lib64/python3.7/site-packages/scrapy/spiders/__init__.py", line 90, in parse
    raise NotImplementedError('{}.parse callback is not defined'.format(self.__class__.__name__))
NotImplementedError: ImdbSpider.parse callback is not defined
2020-06-22 23:09:01 [scrapy.core.engine] INFO: Closing spider (finished)
2020-06-22 23:09:01 [scrapy.core.engine] ERROR: Scraper close failure
Traceback (most recent call last):
  File "/home/encouse/Documents/api-kinoinfo/j/lib64/python3.7/site-packages/twisted/internet/defer.py", line 654, in _runCallbacks
    current.result = callback(current.result, *args, **kw)
TypeError: close_spider() missing 1 required positional argument: 'spider'
2020-06-22 23:09:01 [scrapy.statscollectors] INFO: Dumping Scrapy stats:
{'downloader/request_bytes': 450,
 'downloader/request_count': 2,
 'downloader/request_method_count/GET': 2,
 'downloader/response_bytes': 260309,
 'downloader/response_count': 2,
 'downloader/response_status_count/200': 2,
 'elapsed_time_seconds': 4.5005,
 'finish_reason': 'finished',
 'finish_time': datetime.datetime(2020, 6, 22, 23, 9, 1, 547125),
 'log_count/DEBUG': 2,
 'log_count/ERROR': 2,
 'log_count/INFO': 10,
 'memusage/max': 80953344,
 'memusage/startup': 80953344,
 'response_received_count': 2,
 'robotstxt/request_count': 1,
 'robotstxt/response_count': 1,
 'robotstxt/response_status_count/200': 1,
 'scheduler/dequeued': 1,
 'scheduler/dequeued/memory': 1,
 'scheduler/enqueued': 1,
 'scheduler/enqueued/memory': 1,
 'spider_exceptions/NotImplementedError': 1,
 'start_time': datetime.datetime(2020, 6, 22, 23, 8, 57, 46625)}
2020-06-22 23:09:01 [scrapy.core.engine] INFO: Spider closed (finished)
